<?xml version="1.0" encoding="UTF-8"?>
<!-- Generated by org.testng.reporters.JUnitXMLReporter -->
<testsuite ignored="0" hostname="Alis-MacBook-Pro.local" failures="3" tests="3" name="Opening Facebook Landing Page" time="14.368" errors="0" timestamp="03 Apr 2019 04:05:17 GMT">
  <testcase classname="testcases.FB_LandingPage_Test" name="Login" time="4.116">
    <failure type="java.lang.AssertionError" message="expected [null] but found [See photos and updates]">
      <![CDATA[java.lang.AssertionError: expected [null] but found [See photos and updates]
at testcases.FB_LandingPage_Test.Login(FB_LandingPage_Test.java:57)
... Removed 31 stack frames]]>
    </failure>
  </testcase> <!-- Login -->
  <testcase classname="testcases.FB_LandingPage_Test" name="Login" time="3.145">
    <failure type="java.lang.AssertionError" message="expected [null] but found [Share what&amp;apos;s new]">
      <![CDATA[java.lang.AssertionError: expected [null] but found [Share what's new]
at testcases.FB_LandingPage_Test.Login(FB_LandingPage_Test.java:57)
... Removed 31 stack frames]]>
    </failure>
  </testcase> <!-- Login -->
  <testcase classname="testcases.FB_LandingPage_Test" name="Login" time="4.034">
    <failure type="java.lang.AssertionError" message="expected [null] but found [Find more]">
      <![CDATA[java.lang.AssertionError: expected [null] but found [Find more]
at testcases.FB_LandingPage_Test.Login(FB_LandingPage_Test.java:57)
... Removed 31 stack frames]]>
    </failure>
  </testcase> <!-- Login -->
</testsuite> <!-- Opening Facebook Landing Page -->
