<?xml version="1.0" encoding="UTF-8"?>
<!-- Generated by org.testng.reporters.JUnitXMLReporter -->
<testsuite ignored="0" hostname="Alis-MacBook-Pro.local" failures="1" tests="1" name="Opening Landing Page" time="11.213" errors="0" timestamp="03 Mar 2019 07:07:27 GMT">
  <testcase classname="testcases.HomePage_Landing_Test" name="NavigateToHomePage" time="4.229">
    <failure type="java.lang.AssertionError" message="expected [PLAY. WATCH. BELONG.] but found [JUMP. RUN. HIDE.]">
      <![CDATA[java.lang.AssertionError: expected [PLAY. WATCH. BELONG.] but found [JUMP. RUN. HIDE.]
at testcases.HomePage_Landing_Test.NavigateToHomePage(HomePage_Landing_Test.java:26)
... Removed 31 stack frames]]>
    </failure>
  </testcase> <!-- NavigateToHomePage -->
</testsuite> <!-- Opening Landing Page -->
