<?xml version="1.0" encoding="UTF-8"?>
<!-- Generated by org.testng.reporters.JUnitXMLReporter -->
<testsuite hostname="Alis-MacBook-Pro.local" failures="1" tests="1" name="Opening Landing Page" time="10.86" errors="0" timestamp="3 Mar 2019 07:09:19 GMT">
  <testcase classname="testcases.HomePage_Landing_Test" name="NavigateToHomePage" time="4.096">
    <failure type="java.lang.AssertionError" message="expected [PLAY. WATCH. BELONG.] but found [JUMP. RUN. HIDE.]">
      <![CDATA[java.lang.AssertionError: expected [PLAY. WATCH. BELONG.] but found [JUMP. RUN. HIDE.]
	at testcases.HomePage_Landing_Test.NavigateToHomePage(HomePage_Landing_Test.java:26)
	at org.apache.maven.surefire.testng.TestNGExecutor.run(TestNGExecutor.java:283)
	at org.apache.maven.surefire.testng.TestNGXmlTestSuite.execute(TestNGXmlTestSuite.java:75)
	at org.apache.maven.surefire.testng.TestNGProvider.invoke(TestNGProvider.java:120)
	at org.apache.maven.surefire.booter.ForkedBooter.invokeProviderInSameClassLoader(ForkedBooter.java:384)
	at org.apache.maven.surefire.booter.ForkedBooter.runSuitesInProcess(ForkedBooter.java:345)
	at org.apache.maven.surefire.booter.ForkedBooter.execute(ForkedBooter.java:126)
	at org.apache.maven.surefire.booter.ForkedBooter.main(ForkedBooter.java:418)
... Removed 26 stack frames]]>
    </failure>
  </testcase> <!-- NavigateToHomePage -->
</testsuite> <!-- Opening Landing Page -->
