<?xml version="1.0" encoding="UTF-8"?>
<testng-results total="5" passed="4" failed="1" skipped="0">
  <reporter-output>
  </reporter-output>
  <suite started-at="2019-03-03T07:09:08Z" name="Suite" finished-at="2019-03-03T07:10:01Z" duration-ms="52565">
    <groups>
    </groups>
    <test started-at="2019-03-03T07:09:08Z" name="Opening Landing Page" finished-at="2019-03-03T07:09:19Z" duration-ms="10860">
      <class name="testcases.HomePage_Landing_Test">
        <test-method signature="NavigateToHomePage()[pri:0, instance:testcases.HomePage_Landing_Test@576f63f6]" started-at="2019-03-02T23:09:14Z" name="NavigateToHomePage" finished-at="2019-03-02T23:09:18Z" duration-ms="4096" status="FAIL">
          <exception class="java.lang.AssertionError">
            <message>
              <![CDATA[expected [PLAY. WATCH. BELONG.] but found [JUMP. RUN. HIDE.]]]>
            </message>
            <full-stacktrace>
              <![CDATA[java.lang.AssertionError: expected [PLAY. WATCH. BELONG.] but found [JUMP. RUN. HIDE.]
	at org.testng.Assert.fail(Assert.java:94)
	at org.testng.Assert.failNotEquals(Assert.java:494)
	at org.testng.Assert.assertEquals(Assert.java:123)
	at org.testng.Assert.assertEquals(Assert.java:176)
	at org.testng.Assert.assertEquals(Assert.java:186)
	at testcases.HomePage_Landing_Test.NavigateToHomePage(HomePage_Landing_Test.java:26)
	at java.base/jdk.internal.reflect.NativeMethodAccessorImpl.invoke0(Native Method)
	at java.base/jdk.internal.reflect.NativeMethodAccessorImpl.invoke(NativeMethodAccessorImpl.java:62)
	at java.base/jdk.internal.reflect.DelegatingMethodAccessorImpl.invoke(DelegatingMethodAccessorImpl.java:43)
	at java.base/java.lang.reflect.Method.invoke(Method.java:566)
	at org.testng.internal.MethodInvocationHelper.invokeMethod(MethodInvocationHelper.java:80)
	at org.testng.internal.Invoker.invokeMethod(Invoker.java:714)
	at org.testng.internal.Invoker.invokeTestMethod(Invoker.java:901)
	at org.testng.internal.Invoker.invokeTestMethods(Invoker.java:1231)
	at org.testng.internal.TestMethodWorker.invokeTestMethods(TestMethodWorker.java:127)
	at org.testng.internal.TestMethodWorker.run(TestMethodWorker.java:111)
	at org.testng.TestRunner.privateRun(TestRunner.java:767)
	at org.testng.TestRunner.run(TestRunner.java:617)
	at org.testng.SuiteRunner.runTest(SuiteRunner.java:334)
	at org.testng.SuiteRunner.runSequentially(SuiteRunner.java:329)
	at org.testng.SuiteRunner.privateRun(SuiteRunner.java:291)
	at org.testng.SuiteRunner.run(SuiteRunner.java:240)
	at org.testng.SuiteRunnerWorker.runSuite(SuiteRunnerWorker.java:52)
	at org.testng.SuiteRunnerWorker.run(SuiteRunnerWorker.java:86)
	at org.testng.TestNG.runSuitesSequentially(TestNG.java:1198)
	at org.testng.TestNG.runSuitesLocally(TestNG.java:1123)
	at org.testng.TestNG.run(TestNG.java:1031)
	at org.apache.maven.surefire.testng.TestNGExecutor.run(TestNGExecutor.java:283)
	at org.apache.maven.surefire.testng.TestNGXmlTestSuite.execute(TestNGXmlTestSuite.java:75)
	at org.apache.maven.surefire.testng.TestNGProvider.invoke(TestNGProvider.java:120)
	at org.apache.maven.surefire.booter.ForkedBooter.invokeProviderInSameClassLoader(ForkedBooter.java:384)
	at org.apache.maven.surefire.booter.ForkedBooter.runSuitesInProcess(ForkedBooter.java:345)
	at org.apache.maven.surefire.booter.ForkedBooter.execute(ForkedBooter.java:126)
	at org.apache.maven.surefire.booter.ForkedBooter.main(ForkedBooter.java:418)
]]>
            </full-stacktrace>
          </exception> <!-- java.lang.AssertionError -->
          <reporter-output>
          </reporter-output>
        </test-method> <!-- NavigateToHomePage -->
      </class> <!-- testcases.HomePage_Landing_Test -->
    </test> <!-- Opening Landing Page -->
    <test started-at="2019-03-03T07:09:19Z" name="Navigating to Login/SignUp Page" finished-at="2019-03-03T07:09:27Z" duration-ms="7716">
      <class name="testcases.HomePage_Login_Test">
        <test-method signature="NavigateToLoginPage()[pri:0, instance:testcases.HomePage_Login_Test@1817f1eb]" started-at="2019-03-02T23:09:24Z" name="NavigateToLoginPage" finished-at="2019-03-02T23:09:27Z" duration-ms="2605" status="PASS">
          <reporter-output>
          </reporter-output>
        </test-method> <!-- NavigateToLoginPage -->
      </class> <!-- testcases.HomePage_Login_Test -->
    </test> <!-- Navigating to Login/SignUp Page -->
    <test started-at="2019-03-03T07:09:27Z" name="Signing in using invalid and invalid email" finished-at="2019-03-03T07:09:51Z" duration-ms="24186">
      <class name="testcases.SignUpPage_Login_Test">
        <test-method signature="LoginToAccount(java.lang.String, java.lang.String, java.lang.String)[pri:0, instance:testcases.SignUpPage_Login_Test@5f9678e1]" started-at="2019-03-02T23:09:32Z" name="LoginToAccount" data-provider="getData" finished-at="2019-03-02T23:09:39Z" duration-ms="6829" status="PASS">
          <params>
            <param index="0">
              <value>
                <![CDATA[https://www.superleague.com]]>
              </value>
            </param>
            <param index="1">
              <value>
                <![CDATA[failedtest@gmail.com]]>
              </value>
            </param>
            <param index="2">
              <value>
                <![CDATA[12345678]]>
              </value>
            </param>
          </params>
          <reporter-output>
          </reporter-output>
        </test-method> <!-- LoginToAccount -->
        <test-method signature="LoginToAccount(java.lang.String, java.lang.String, java.lang.String)[pri:0, instance:testcases.SignUpPage_Login_Test@5f9678e1]" started-at="2019-03-02T23:09:39Z" name="LoginToAccount" data-provider="getData" finished-at="2019-03-02T23:09:51Z" duration-ms="12421" status="PASS">
          <params>
            <param index="0">
              <value>
                <![CDATA[https://www.superleague.com]]>
              </value>
            </param>
            <param index="1">
              <value>
                <![CDATA[buffboyali@gmail.com]]>
              </value>
            </param>
            <param index="2">
              <value>
                <![CDATA[messenger]]>
              </value>
            </param>
          </params>
          <reporter-output>
          </reporter-output>
        </test-method> <!-- LoginToAccount -->
      </class> <!-- testcases.SignUpPage_Login_Test -->
    </test> <!-- Signing in using invalid and invalid email -->
    <test started-at="2019-03-03T07:09:52Z" name="Navigating to Registrationg Page" finished-at="2019-03-03T07:10:01Z" duration-ms="9356">
      <class name="testcases.SignUpPage_Register_Test">
        <test-method signature="NavigatetoRegistrationPage()[pri:0, instance:testcases.SignUpPage_Register_Test@59252cb6]" started-at="2019-03-02T23:09:57Z" name="NavigatetoRegistrationPage" finished-at="2019-03-02T23:10:01Z" duration-ms="4364" status="PASS">
          <reporter-output>
          </reporter-output>
        </test-method> <!-- NavigatetoRegistrationPage -->
      </class> <!-- testcases.SignUpPage_Register_Test -->
    </test> <!-- Navigating to Registrationg Page -->
  </suite> <!-- Suite -->
</testng-results>
